<?xml version="1.0" encoding="UTF-8"?>
<!-- Generated by org.testng.reporters.JUnitXMLReporter -->
<testsuite hostname="DESKTOP-HAUBBGQ" name="Validating navigation Bar" tests="1" failures="0" timestamp="14 Jan 2021 21:58:05 GMT" time="0.0" errors="0">
  <testcase name="@BeforeTest initialize" time="0.0" classname="Academy.validateNavigationBar">
    <failure type="java.lang.Error" message="Unresolved compilation problems: 
	browserName cannot be resolved to a variable
	browserName cannot be resolved
	browserName cannot be resolved
	browserName cannot be resolved
">
      <![CDATA[java.lang.Error: Unresolved compilation problems: 
	browserName cannot be resolved to a variable
	browserName cannot be resolved
	browserName cannot be resolved
	browserName cannot be resolved

	at resources.base.initializeDriver(base.java:28)
	at Academy.validateNavigationBar.initialize(validateNavigationBar.java:32)
	at org.apache.maven.surefire.testng.TestNGExecutor.run(TestNGExecutor.java:283)
	at org.apache.maven.surefire.testng.TestNGXmlTestSuite.execute(TestNGXmlTestSuite.java:75)
	at org.apache.maven.surefire.testng.TestNGProvider.invoke(TestNGProvider.java:120)
	at org.apache.maven.surefire.booter.ForkedBooter.invokeProviderInSameClassLoader(ForkedBooter.java:386)
	at org.apache.maven.surefire.booter.ForkedBooter.runSuitesInProcess(ForkedBooter.java:323)
	at org.apache.maven.surefire.booter.ForkedBooter.main(ForkedBooter.java:143)
... Removed 19 stack frames]]>
    </failure>
  </testcase> <!-- @BeforeTest initialize -->
  <testcase name="@AfterTest teardown" time="0.0" classname="Academy.validateNavigationBar">
    <skipped/>
  </testcase> <!-- @AfterTest teardown -->
  <testcase name="validateAppNavBar" time="0.0" classname="Academy.validateNavigationBar">
    <skipped/>
  </testcase> <!-- validateAppNavBar -->
</testsuite> <!-- Validating navigation Bar -->
